<?xml version="1.0" encoding="UTF-8"?>
<!-- Generated by org.testng.reporters.JUnitReportReporter -->
<testsuite skipped="0" hostname="DESKTOP-SFC0TF7" name="com.project.LoginTest" tests="1" failures="0" timestamp="23 Jul 2020 13:14:06 GMT" time="0.008" errors="0">
  <testcase name="m1" time="0.008" classname="com.project.LoginTest"/>
</testsuite> <!-- com.project.LoginTest -->
