<?xml version="1.0" encoding="UTF-8"?>
<!-- Generated by org.testng.reporters.JUnitReportReporter -->
<testsuite skipped="0" hostname="DESKTOP-SFC0TF7" name="com.dice.FirstTest" tests="1" failures="0" timestamp="20 Jul 2020 08:38:31 GMT" time="0.016" errors="0">
  <testcase name="f" time="0.016" classname="com.dice.FirstTest"/>
</testsuite> <!-- com.dice.FirstTest -->
