<?xml version="1.0" encoding="UTF-8"?>
<!-- Generated by org.testng.reporters.JUnitReportReporter -->
<testsuite skipped="0" hostname="DESKTOP-SFC0TF7" name="com.dice.NewTest1" tests="1" failures="0" timestamp="20 Jul 2020 08:43:26 GMT" time="0.009" errors="0">
  <testcase name="m1" time="0.009" classname="com.dice.NewTest1"/>
</testsuite> <!-- com.dice.NewTest1 -->
