<?xml version="1.0" encoding="UTF-8"?>
<!-- Generated by org.testng.reporters.JUnitReportReporter -->
<testsuite skipped="0" hostname="DESKTOP-SFC0TF7" name="com.dice.NewTest2" tests="1" failures="0" timestamp="20 Jul 2020 08:43:26 GMT" time="0.002" errors="0">
  <testcase name="m2" time="0.002" classname="com.dice.NewTest2"/>
</testsuite> <!-- com.dice.NewTest2 -->
